<?xml version="1.0" encoding="UTF-8"?>
<!-- Generated by org.testng.reporters.JUnitReportReporter -->
<testsuite hostname="ravis-MacBook-Pro.local" name="com.twc.CustomParametersTest.Run_CustomParam" tests="1" failures="0" timestamp="19 Jan 2016 12:53:50 GMT" time="43.367" errors="0">
  <testcase name="Run_CustomParam_Verification" time="43.367" classname="com.twc.CustomParametersTest.Run_CustomParam"/>
</testsuite> <!-- com.twc.CustomParametersTest.Run_CustomParam -->
